# JRE version: OpenJDK Runtime Environment (17.0.6) (build 17.0.6+0-b2043.56-9586694)
# Java VM: OpenJDK 64-Bit Server VM (17.0.6+0-b2043.56-9586694, mixed mode, tiered, compressed oops, compressed class ptrs, g1 gc, windows-amd64)
GC Precious Log:
 CPUs: 8 total, 8 available
 Memory: 16262M
 Large Page Support: Disabled
 NUMA Support: Disabled
 Compressed Oops: Enabled (32-bit)
 Heap Region Size: 1M
 Heap Min Capacity: 8M
 Heap Initial Capacity: 256M
 Heap Max Capacity: 2G
 Pre-touch: Disabled
 Parallel Workers: 8
 Concurrent Workers: 2
 Concurrent Refinement Workers: 8
 Periodic GC: Disabled
Heap:
 garbage-first heap   total 240640K, used 180478K [0x0000000080000000, 0x0000000100000000)
  region size 1024K, 9 young (9216K), 5 survivors (5120K)
 Metaspace       used 99480K, committed 100096K, reserved 1138688K
  class space    used 13377K, committed 13632K, reserved 1048576K
GC Heap History (20 events):
Event: 14.670 GC heap before
{Heap before GC invocations=47 (full 0):
 garbage-first heap   total 214016K, used 157930K [0x0000000080000000, 0x0000000100000000)
  region size 1024K, 31 young (31744K), 1 survivors (1024K)
 Metaspace       used 76203K, committed 76736K, reserved 1122304K
  class space    used 10132K, committed 10368K, reserved 1048576K
}
Event: 14.673 GC heap after
{Heap after GC invocations=48 (full 0):
 garbage-first heap   total 214016K, used 128669K [0x0000000080000000, 0x0000000100000000)
  region size 1024K, 2 young (2048K), 2 survivors (2048K)
 Metaspace       used 76203K, committed 76736K, reserved 1122304K
  class space    used 10132K, committed 10368K, reserved 1048576K
}
Event: 15.051 GC heap before
{Heap before GC invocations=49 (full 0):
 garbage-first heap   total 222208K, used 167581K [0x0000000080000000, 0x0000000100000000)
  region size 1024K, 34 young (34816K), 2 survivors (2048K)
 Metaspace       used 78548K, committed 79232K, reserved 1122304K
  class space    used 10444K, committed 10752K, reserved 1048576K
}
Event: 15.055 GC heap after
{Heap after GC invocations=50 (full 0):
 garbage-first heap   total 222208K, used 132123K [0x0000000080000000, 0x0000000100000000)
  region size 1024K, 5 young (5120K), 5 survivors (5120K)
 Metaspace       used 78548K, committed 79232K, reserved 1122304K
  class space    used 10444K, committed 10752K, reserved 1048576K
}
Event: 15.118 GC heap before
{Heap before GC invocations=50 (full 0):
 garbage-first heap   total 222208K, used 137243K [0x0000000080000000, 0x0000000100000000)
  region size 1024K, 10 young (10240K), 5 survivors (5120K)
 Metaspace       used 79000K, committed 79616K, reserved 1122304K
  class space    used 10505K, committed 10816K, reserved 1048576K
}
Event: 15.122 GC heap after
{Heap after GC invocations=51 (full 0):
 garbage-first heap   total 222208K, used 132985K [0x0000000080000000, 0x0000000100000000)
  region size 1024K, 2 young (2048K), 2 survivors (2048K)
 Metaspace       used 79000K, committed 79616K, reserved 1122304K
  class space    used 10505K, committed 10816K, reserved 1048576K
}
Event: 15.406 GC heap before
{Heap before GC invocations=51 (full 0):
 garbage-first heap   total 222208K, used 156537K [0x0000000080000000, 0x0000000100000000)
  region size 1024K, 26 young (26624K), 2 survivors (2048K)
 Metaspace       used 81079K, committed 81792K, reserved 1122304K
  class space    used 10755K, committed 11072K, reserved 1048576K
}
Event: 15.408 GC heap after
{Heap after GC invocations=52 (full 0):
 garbage-first heap   total 222208K, used 134321K [0x0000000080000000, 0x0000000100000000)
  region size 1024K, 3 young (3072K), 3 survivors (3072K)
 Metaspace       used 81079K, committed 81792K, reserved 1122304K
  class space    used 10755K, committed 11072K, reserved 1048576K
}
Event: 16.220 GC heap before
{Heap before GC invocations=53 (full 0):
 garbage-first heap   total 234496K, used 174257K [0x0000000080000000, 0x0000000100000000)
  region size 1024K, 41 young (41984K), 3 survivors (3072K)
 Metaspace       used 85042K, committed 85632K, reserved 1130496K
  class space    used 11290K, committed 11584K, reserved 1048576K
}
Event: 16.224 GC heap after
{Heap after GC invocations=54 (full 0):
 garbage-first heap   total 234496K, used 136049K [0x0000000080000000, 0x0000000100000000)
  region size 1024K, 5 young (5120K), 5 survivors (5120K)
 Metaspace       used 85042K, committed 85632K, reserved 1130496K
  class space    used 11290K, committed 11584K, reserved 1048576K
}
Event: 16.269 GC heap before
{Heap before GC invocations=54 (full 0):
 garbage-first heap   total 234496K, used 142193K [0x0000000080000000, 0x0000000100000000)
  region size 1024K, 11 young (11264K), 5 survivors (5120K)
 Metaspace       used 85175K, committed 85824K, reserved 1130496K
  class space    used 11316K, committed 11584K, reserved 1048576K
}
Event: 16.274 GC heap after
{Heap after GC invocations=55 (full 0):
 garbage-first heap   total 234496K, used 137322K [0x0000000080000000, 0x0000000100000000)
  region size 1024K, 2 young (2048K), 2 survivors (2048K)
 Metaspace       used 85175K, committed 85824K, reserved 1130496K
  class space    used 11316K, committed 11584K, reserved 1048576K
}
Event: 16.806 GC heap before
{Heap before GC invocations=55 (full 0):
 garbage-first heap   total 234496K, used 187498K [0x0000000080000000, 0x0000000100000000)
  region size 1024K, 51 young (52224K), 2 survivors (2048K)
 Metaspace       used 88026K, committed 88704K, reserved 1130496K
  class space    used 11755K, committed 12032K, reserved 1048576K
}
Event: 16.811 GC heap after
{Heap after GC invocations=56 (full 0):
 garbage-first heap   total 234496K, used 140044K [0x0000000080000000, 0x0000000100000000)
  region size 1024K, 5 young (5120K), 5 survivors (5120K)
 Metaspace       used 88026K, committed 88704K, reserved 1130496K
  class space    used 11755K, committed 12032K, reserved 1048576K
}
Event: 17.541 GC heap before
{Heap before GC invocations=57 (full 0):
 garbage-first heap   total 240640K, used 190220K [0x0000000080000000, 0x0000000100000000)
  region size 1024K, 54 young (55296K), 5 survivors (5120K)
 Metaspace       used 94063K, committed 94720K, reserved 1138688K
  class space    used 12733K, committed 13056K, reserved 1048576K
}
Event: 17.547 GC heap after
{Heap after GC invocations=58 (full 0):
 garbage-first heap   total 240640K, used 143421K [0x0000000080000000, 0x0000000100000000)
  region size 1024K, 7 young (7168K), 7 survivors (7168K)
 Metaspace       used 94063K, committed 94720K, reserved 1138688K
  class space    used 12733K, committed 13056K, reserved 1048576K
}
Event: 17.596 GC heap before
{Heap before GC invocations=58 (full 0):
 garbage-first heap   total 240640K, used 147517K [0x0000000080000000, 0x0000000100000000)
  region size 1024K, 11 young (11264K), 7 survivors (7168K)
 Metaspace       used 94612K, committed 95296K, reserved 1138688K
  class space    used 12812K, committed 13120K, reserved 1048576K
}
Event: 17.600 GC heap after
{Heap after GC invocations=59 (full 0):
 garbage-first heap   total 240640K, used 143867K [0x0000000080000000, 0x0000000100000000)
  region size 1024K, 1 young (1024K), 1 survivors (1024K)
 Metaspace       used 94612K, committed 95296K, reserved 1138688K
  class space    used 12812K, committed 13120K, reserved 1048576K
}
Event: 18.225 GC heap before
{Heap before GC invocations=59 (full 0):
 garbage-first heap   total 240640K, used 183803K [0x0000000080000000, 0x0000000100000000)
  region size 1024K, 41 young (41984K), 1 survivors (1024K)
 Metaspace       used 99477K, committed 100096K, reserved 1138688K
  class space    used 13376K, committed 13632K, reserved 1048576K
}
Event: 18.231 GC heap after
{Heap after GC invocations=60 (full 0):
 garbage-first heap   total 240640K, used 147710K [0x0000000080000000, 0x0000000100000000)
  region size 1024K, 5 young (5120K), 5 survivors (5120K)
 Metaspace       used 99477K, committed 100096K, reserved 1138688K
  class space    used 13376K, committed 13632K, reserved 1048576K
}

